<?xml version="1.0" encoding="UTF-8"?>
<!-- Generated by org.testng.reporters.JUnitReportReporter -->
<testsuite skipped="0" hostname="Amit" name="com.actitime.customertest.CustomerTest" tests="2" failures="0" timestamp="07 Apr 2018 13:41:05 GMT" time="25.347" errors="0">
  <testcase name="createCustomerWithDescriptionTest" time="8.397" classname="com.actitime.customertest.CustomerTest"/>
  <testcase name="createCustomerTest" time="16.950" classname="com.actitime.customertest.CustomerTest"/>
</testsuite> <!-- com.actitime.customertest.CustomerTest -->
