<?xml version="1.0" encoding="UTF-8"?>
<!-- Generated by org.testng.reporters.JUnitReportReporter -->
<testsuite skipped="0" hostname="Amit" name="com.actitime.homepagetest.HomePageTest" tests="1" failures="0" timestamp="07 Apr 2018 13:50:35 GMT" time="5.816" errors="0">
  <testcase name="homePageTest" time="5.816" classname="com.actitime.homepagetest.HomePageTest"/>
</testsuite> <!-- com.actitime.homepagetest.HomePageTest -->
